<?xml version="1.0" encoding="UTF-8"?>
<!-- Generated by org.testng.reporters.JUnitReportReporter -->
<testsuite hostname="BasavaRaj" failures="0" tests="1" name="testCases.TC_001_AccountRegistrationtTest" time="4.043" errors="0" timestamp="2024-09-07T20:37:34 IST" skipped="0">
  <testcase classname="testCases.TC_001_AccountRegistrationtTest" name="test_account_Registration" time="4.043"/>
</testsuite> <!-- testCases.TC_001_AccountRegistrationtTest -->
